<?xml version="1.0" encoding="UTF-8"?>
<!-- Generated by org.testng.reporters.JUnitXMLReporter -->
<testsuite ignored="0" hostname="DESKTOP-I57BOL8" failures="0" tests="16" name="Command line test" time="21.206" errors="0" timestamp="2022-05-06T18:30:34 PDT">
  <testcase classname="com.apex.UserApi.UserAPIGetTest" name="testBlankUserId" time="2.095"/>
  <testcase classname="com.apex.UserApi.UserAPIGetTest" name="testInvalidUserId" time="1.514"/>
  <testcase classname="com.apex.UserApi.UserAPIGetTest" name="testInvalidUserId" time="1.587"/>
  <testcase classname="com.apex.UserApi.UserAPIGetTest" name="testNullUserId" time="1.532"/>
  <testcase classname="com.apex.UserApi.UserAPIGetTest" name="testSuccessDataValidUser" time="1.538"/>
  <testcase classname="com.apex.UserApi.UserAPIGetTest" name="testSuccessDataValidUser" time="1.641"/>
  <testcase classname="com.apex.UserApi.UserAPIGetTest" name="testSuccessDataValidUser" time="1.637"/>
  <testcase classname="com.apex.UserApi.UserApiPostTest" name="addNewUserWithExistingEmail" time="1.532"/>
  <testcase classname="com.apex.UserApi.UserApiPostTest" name="addUserValidData" time="1.745"/>
  <testcase classname="com.apex.UserApi.UserApiPostTest" name="addWithBlankData" time="1.631"/>
  <testcase classname="com.apex.UserApi.UserApiPostTest" name="addWithBlankUserEmail" time="0.001"/>
  <testcase classname="com.apex.UserApi.UserApiPostTest" name="addWithBlankUserGender" time="0.0"/>
  <testcase classname="com.apex.UserApi.UserApiPostTest" name="addWithBlankUserName" time="1.634"/>
  <testcase classname="com.apex.UserApi.UserApiPostTest" name="addWithBlankUserStatus" time="0.0"/>
  <testcase classname="com.apex.UserApi.UserApiPostTest" name="addWithNullData" time="1.535"/>
  <testcase classname="com.apex.UserApi.UserApiPostTest" name="addWithSplCharData" time="1.532"/>
</testsuite> <!-- Command line test -->
