<?xml version="1.0" encoding="UTF-8"?>
<!-- Generated by org.testng.reporters.JUnitXMLReporter -->
<testsuite ignored="0" hostname="DESKTOP-I57BOL8" failures="0" tests="7" name="Default test" time="7.962" errors="0" timestamp="2022-06-01T23:41:17 PDT">
  <testcase classname="com.apex.UserApi.UserAPIGetTest" name="testBlankUserId" time="1.477"/>
  <testcase classname="com.apex.UserApi.UserAPIGetTest" name="testInvalidUserId" time="1.168"/>
  <testcase classname="com.apex.UserApi.UserAPIGetTest" name="testInvalidUserId" time="1.226"/>
  <testcase classname="com.apex.UserApi.UserAPIGetTest" name="testNullUserId" time="1.222"/>
  <testcase classname="com.apex.UserApi.UserAPIGetTest" name="testSuccessDataValidUser" time="0.906"/>
  <testcase classname="com.apex.UserApi.UserAPIGetTest" name="testSuccessDataValidUser" time="0.982"/>
  <testcase classname="com.apex.UserApi.UserAPIGetTest" name="testSuccessDataValidUser" time="0.934"/>
</testsuite> <!-- Default test -->
