<?xml version="1.0" encoding="UTF-8"?>
<testng-results ignored="0" total="7" passed="7" failed="0" skipped="0">
  <reporter-output>
  </reporter-output>
  <suite started-at="2022-06-01T23:41:09 PDT" name="Default suite" finished-at="2022-06-01T23:41:17 PDT" duration-ms="7962">
    <groups>
    </groups>
    <test started-at="2022-06-01T23:41:09 PDT" name="Default test" finished-at="2022-06-01T23:41:17 PDT" duration-ms="7962">
      <class name="com.apex.UserApi.UserAPIGetTest">
        <test-method signature="testBlankUserId()[pri:0, instance:com.apex.UserApi.UserAPIGetTest@2a266d09]" started-at="2022-06-01T23:41:09 PDT" name="testBlankUserId" finished-at="2022-06-01T23:41:10 PDT" duration-ms="1477" status="PASS">
          <reporter-output>
          </reporter-output>
        </test-method> <!-- testBlankUserId -->
        <test-method signature="testInvalidUserId(java.lang.String)[pri:0, instance:com.apex.UserApi.UserAPIGetTest@2a266d09]" started-at="2022-06-01T23:41:10 PDT" name="testInvalidUserId" data-provider="getInValidUsers" finished-at="2022-06-01T23:41:12 PDT" duration-ms="1168" status="PASS">
          <params>
            <param index="0">
              <value>
                <![CDATA[abc]]>
              </value>
            </param>
          </params>
          <reporter-output>
          </reporter-output>
        </test-method> <!-- testInvalidUserId -->
        <test-method signature="testInvalidUserId(java.lang.String)[pri:0, instance:com.apex.UserApi.UserAPIGetTest@2a266d09]" started-at="2022-06-01T23:41:12 PDT" name="testInvalidUserId" data-provider="getInValidUsers" finished-at="2022-06-01T23:41:13 PDT" duration-ms="1226" status="PASS">
          <params>
            <param index="0">
              <value>
                <![CDATA[xyca]]>
              </value>
            </param>
          </params>
          <reporter-output>
          </reporter-output>
        </test-method> <!-- testInvalidUserId -->
        <test-method signature="testNullUserId()[pri:0, instance:com.apex.UserApi.UserAPIGetTest@2a266d09]" started-at="2022-06-01T23:41:13 PDT" name="testNullUserId" finished-at="2022-06-01T23:41:14 PDT" duration-ms="1222" status="PASS">
          <reporter-output>
          </reporter-output>
        </test-method> <!-- testNullUserId -->
        <test-method signature="testSuccessDataValidUser(java.lang.String)[pri:0, instance:com.apex.UserApi.UserAPIGetTest@2a266d09]" started-at="2022-06-01T23:41:14 PDT" name="testSuccessDataValidUser" data-provider="getValidUserIds" finished-at="2022-06-01T23:41:15 PDT" duration-ms="906" status="PASS">
          <params>
            <param index="0">
              <value>
                <![CDATA[2382]]>
              </value>
            </param>
          </params>
          <reporter-output>
          </reporter-output>
        </test-method> <!-- testSuccessDataValidUser -->
        <test-method signature="testSuccessDataValidUser(java.lang.String)[pri:0, instance:com.apex.UserApi.UserAPIGetTest@2a266d09]" started-at="2022-06-01T23:41:15 PDT" name="testSuccessDataValidUser" data-provider="getValidUserIds" finished-at="2022-06-01T23:41:16 PDT" duration-ms="982" status="PASS">
          <params>
            <param index="0">
              <value>
                <![CDATA[2390]]>
              </value>
            </param>
          </params>
          <reporter-output>
          </reporter-output>
        </test-method> <!-- testSuccessDataValidUser -->
        <test-method signature="testSuccessDataValidUser(java.lang.String)[pri:0, instance:com.apex.UserApi.UserAPIGetTest@2a266d09]" started-at="2022-06-01T23:41:16 PDT" name="testSuccessDataValidUser" data-provider="getValidUserIds" finished-at="2022-06-01T23:41:17 PDT" duration-ms="934" status="PASS">
          <params>
            <param index="0">
              <value>
                <![CDATA[2220]]>
              </value>
            </param>
          </params>
          <reporter-output>
          </reporter-output>
        </test-method> <!-- testSuccessDataValidUser -->
      </class> <!-- com.apex.UserApi.UserAPIGetTest -->
    </test> <!-- Default test -->
  </suite> <!-- Default suite -->
</testng-results>
